<?xml version="1.0" encoding="UTF-8"?>
<testsuite xmlns:xsi="http://www.w3.org/2001/XMLSchema-instance" xsi:noNamespaceSchemaLocation="https://maven.apache.org/surefire/maven-surefire-plugin/xsd/surefire-test-report.xsd" name="com.example.scoreTest" time="0.066" tests="8" errors="0" skipped="0" failures="0">
  <properties>
[...]
</properties>
  <testcase name="partitionTest1" classname="com.example.scoreTest" time="0.004"/>
  <testcase name="partitionTest2" classname="com.example.scoreTest" time="0.002"/>
  <testcase name="partitionTest3" classname="com.example.scoreTest" time="0.001"/>
  <testcase name="partitionTest4" classname="com.example.scoreTest" time="0.001"/>
  <testcase name="partitionTest5" classname="com.example.scoreTest" time="0.001"/>
  <testcase name="partitionTest6" classname="com.example.scoreTest" time="0.001"/>
  <testcase name="partitionTest7" classname="com.example.scoreTest" time="0.001"/>
  <testcase name="boundaryTests" classname="com.example.scoreTest" time="0.02"/>
</testsuite>